2024-07-29 11:59:15.235 [info] Extension host with pid 38496 started
2024-07-29 11:59:15.235 [info] Skipping acquiring lock for /home/alien/.config/Code/User/workspaceStorage/c1aa4d135df4689a1f69fcf69075150d.
2024-07-29 11:59:15.337 [info] ExtensionService#_doActivateExtension vscode.git-base, startup: true, activationEvent: '*', root cause: vscode.git
2024-07-29 11:59:15.410 [info] ExtensionService#_doActivateExtension vscode.git, startup: true, activationEvent: '*'
2024-07-29 11:59:15.434 [info] ExtensionService#_doActivateExtension vscode.github, startup: true, activationEvent: '*'
2024-07-29 11:59:15.492 [info] Eager extensions activated
2024-07-29 11:59:15.512 [info] ExtensionService#_doActivateExtension vscode.debug-auto-launch, startup: false, activationEvent: 'onStartupFinished'
2024-07-29 11:59:15.514 [info] ExtensionService#_doActivateExtension vscode.merge-conflict, startup: false, activationEvent: 'onStartupFinished'
2024-07-29 11:59:15.728 [info] Extension host terminating: renderer closed the MessagePort
2024-07-29 11:59:15.743 [error] ProxyResolver#addCertificatesV1 Canceled: Canceled
	at new I (/opt/visual-studio-code/resources/app/out/vs/workbench/api/node/extensionHostProcess.js:144:34990)
	at S.U (/opt/visual-studio-code/resources/app/out/vs/workbench/api/node/extensionHostProcess.js:151:6023)
	at z.<computed>.F.charCodeAt.T.CharCode.DollarSign.z.<computed> (/opt/visual-studio-code/resources/app/out/vs/workbench/api/node/extensionHostProcess.js:151:3107)
	at M.loadCertificates (/opt/visual-studio-code/resources/app/out/vs/workbench/api/node/extensionHostProcess.js:157:43397)
	at Object.loadAdditionalCertificates (/opt/visual-studio-code/resources/app/out/vs/workbench/api/node/extensionHostProcess.js:139:33100)
	at /opt/visual-studio-code/resources/app/node_modules.asar/@vscode/proxy-agent/out/index.js:497:53
	at Generator.next (<anonymous>)
	at /opt/visual-studio-code/resources/app/node_modules.asar/@vscode/proxy-agent/out/index.js:35:71
	at new Promise (<anonymous>)
	at __awaiter (/opt/visual-studio-code/resources/app/node_modules.asar/@vscode/proxy-agent/out/index.js:31:12)
	at /opt/visual-studio-code/resources/app/node_modules.asar/@vscode/proxy-agent/out/index.js:496:43
	at /opt/visual-studio-code/resources/app/node_modules.asar/@vscode/proxy-agent/out/index.js:498:16
	at Generator.next (<anonymous>)
	at /opt/visual-studio-code/resources/app/node_modules.asar/@vscode/proxy-agent/out/index.js:35:71
	at new Promise (<anonymous>)
	at __awaiter (/opt/visual-studio-code/resources/app/node_modules.asar/@vscode/proxy-agent/out/index.js:31:12)
	at getOrLoadAdditionalCertificates (/opt/visual-studio-code/resources/app/node_modules.asar/@vscode/proxy-agent/out/index.js:494:12)
	at addCertificatesV1 (/opt/visual-studio-code/resources/app/node_modules.asar/@vscode/proxy-agent/out/index.js:478:9)
	at resolveProxy (/opt/visual-studio-code/resources/app/node_modules.asar/@vscode/proxy-agent/out/index.js:113:9)
	at /opt/visual-studio-code/resources/app/node_modules.asar/@vscode/proxy-agent/out/index.js:325:77
	at new Promise (<anonymous>)
	at _PacProxyAgent.resolveP [as resolver] (/opt/visual-studio-code/resources/app/node_modules.asar/@vscode/proxy-agent/out/index.js:325:54)
	at _PacProxyAgent.<anonymous> (/opt/visual-studio-code/resources/app/node_modules.asar/@vscode/proxy-agent/out/agent.js:70:37)
	at Generator.next (<anonymous>)
	at /opt/visual-studio-code/resources/app/node_modules.asar/@vscode/proxy-agent/out/agent.js:8:71
	at new Promise (<anonymous>)
	at __awaiter (/opt/visual-studio-code/resources/app/node_modules.asar/@vscode/proxy-agent/out/agent.js:4:12)
	at _PacProxyAgent.connect (/opt/visual-studio-code/resources/app/node_modules.asar/@vscode/proxy-agent/out/agent.js:52:16)
	at /opt/visual-studio-code/resources/app/node_modules.asar/agent-base/dist/index.js:73:30
2024-07-29 11:59:15.743 [info] Extension host with pid 38496 exiting with code 0
